0 info it worked if it ends with ok
1 verbose cli [ 'C:\\Program Files (x86)\\nodejs\\\\node.exe',
1 verbose cli   'C:\\Program Files (x86)\\nodejs\\node_modules\\npm\\bin\\npm-cli.js',
1 verbose cli   'install',
1 verbose cli   'go' ]
2 info using npm@1.3.2
3 info using node@v0.10.13
4 verbose node symlink C:\Program Files (x86)\nodejs\\node.exe
5 error Error: Invalid name: "TempServer"
5 error     at ensureValidName (C:\Program Files (x86)\nodejs\node_modules\npm\node_modules\read-package-json\node_modules\normalize-package-data\lib\fixer.js:281:15)
5 error     at Object.module.exports.fixNameField (C:\Program Files (x86)\nodejs\node_modules\npm\node_modules\read-package-json\node_modules\normalize-package-data\lib\fixer.js:196:5)
5 error     at C:\Program Files (x86)\nodejs\node_modules\npm\node_modules\read-package-json\node_modules\normalize-package-data\lib\normalize.js:29:38
5 error     at Array.forEach (native)
5 error     at normalize (C:\Program Files (x86)\nodejs\node_modules\npm\node_modules\read-package-json\node_modules\normalize-package-data\lib\normalize.js:28:15)
5 error     at final (C:\Program Files (x86)\nodejs\node_modules\npm\node_modules\read-package-json\read-json.js:310:33)
5 error     at then (C:\Program Files (x86)\nodejs\node_modules\npm\node_modules\read-package-json\read-json.js:124:33)
5 error     at C:\Program Files (x86)\nodejs\node_modules\npm\node_modules\read-package-json\read-json.js:299:40
5 error     at fs.js:266:14
5 error     at Object.oncomplete (fs.js:107:15)
6 error If you need help, you may report this log at:
6 error     <http://github.com/isaacs/npm/issues>
6 error or email it to:
6 error     <npm-@googlegroups.com>
7 error System Windows_NT 6.1.7601
8 error command "C:\\Program Files (x86)\\nodejs\\\\node.exe" "C:\\Program Files (x86)\\nodejs\\node_modules\\npm\\bin\\npm-cli.js" "install" "go"
9 error cwd d:\Projects\OrderIt\workspace\OrderIt\TempServer
10 error node -v v0.10.13
11 error npm -v 1.3.2
12 verbose exit [ 1, true ]
