0 info it worked if it ends with ok
1 verbose cli [ 'C:\\Program Files\\nodejs\\node.exe',
1 verbose cli   'C:\\Program Files\\nodejs\\node_modules\\npm\\bin\\npm-cli.js',
1 verbose cli   'start' ]
2 info using npm@3.10.10
3 info using node@v6.9.5
4 verbose run-script [ 'prestart', 'start', 'poststart' ]
5 info lifecycle kitchen-module2@0.0.0~prestart: kitchen-module2@0.0.0
6 silly lifecycle kitchen-module2@0.0.0~prestart: no script for prestart, continuing
7 info lifecycle kitchen-module2@0.0.0~start: kitchen-module2@0.0.0
8 verbose lifecycle kitchen-module2@0.0.0~start: unsafe-perm in lifecycle true
9 verbose lifecycle kitchen-module2@0.0.0~start: PATH: C:\Program Files\nodejs\node_modules\npm\bin\node-gyp-bin;c:\Data\Projects\OrderIt\kitchen-module2\node_modules\.bin;C:\Program Files\Java\jdk1.8.0_111\bin;C:\ProgramData\Oracle\Java\javapath;C:\Windows\system32;C:\Windows;C:\Windows\System32\Wbem;C:\Windows\System32\WindowsPowerShell\v1.0\;C:\Program Files\7-Zip;C:\HashiCorp\Vagrant\bin;c:\Ruby23-x64\bin;C:\Program Files (x86)\Plantronics\Spokes3G\;C:\Program Files\nodejs\;C:\Users\evl1hc\AppData\Local\Programs\Git\cmd;C:\Users\evl1hc\AppData\Local\Programs\Git\mingw64\bin;C:\Users\evl1hc\AppData\Local\Programs\Git\usr\bin;c:\Data\Softwares\curl_7_50_1_openssl_nghttp2_x64\;c:\Data\Softwares\mysql-5.7.16-winx64\bin\;C:\Program Files\Docker Toolbox;c:\Data\Softwares\cf-cli_6.21.1_winx64\;c:\Data\Notes\mybats\;C:\Data\Softwares\apache-maven-3.3.9\bin;C:\Users\evl1hc\AppData\Roaming\npm
10 verbose lifecycle kitchen-module2@0.0.0~start: CWD: c:\Data\Projects\OrderIt\kitchen-module2
11 silly lifecycle kitchen-module2@0.0.0~start: Args: [ '/d /s /c', 'node ./bin/www' ]
12 silly lifecycle kitchen-module2@0.0.0~start: Returned: code: 3221225786  signal: null
13 info lifecycle kitchen-module2@0.0.0~start: Failed to exec start script
14 verbose stack Error: kitchen-module2@0.0.0 start: `node ./bin/www`
14 verbose stack Exit status 3221225786
14 verbose stack     at EventEmitter.<anonymous> (C:\Program Files\nodejs\node_modules\npm\lib\utils\lifecycle.js:255:16)
14 verbose stack     at emitTwo (events.js:106:13)
14 verbose stack     at EventEmitter.emit (events.js:191:7)
14 verbose stack     at ChildProcess.<anonymous> (C:\Program Files\nodejs\node_modules\npm\lib\utils\spawn.js:40:14)
14 verbose stack     at emitTwo (events.js:106:13)
14 verbose stack     at ChildProcess.emit (events.js:191:7)
14 verbose stack     at maybeClose (internal/child_process.js:877:16)
14 verbose stack     at Process.ChildProcess._handle.onexit (internal/child_process.js:226:5)
15 verbose pkgid kitchen-module2@0.0.0
16 verbose cwd c:\Data\Projects\OrderIt\kitchen-module2
17 error Windows_NT 10.0.10240
18 error argv "C:\\Program Files\\nodejs\\node.exe" "C:\\Program Files\\nodejs\\node_modules\\npm\\bin\\npm-cli.js" "start"
19 error node v6.9.5
20 error npm  v3.10.10
21 error code ELIFECYCLE
22 error kitchen-module2@0.0.0 start: `node ./bin/www`
22 error Exit status 3221225786
23 error Failed at the kitchen-module2@0.0.0 start script 'node ./bin/www'.
23 error Make sure you have the latest version of node.js and npm installed.
23 error If you do, this is most likely a problem with the kitchen-module2 package,
23 error not with npm itself.
23 error Tell the author that this fails on your system:
23 error     node ./bin/www
23 error You can get information on how to open an issue for this project with:
23 error     npm bugs kitchen-module2
23 error Or if that isn't available, you can get their info via:
23 error     npm owner ls kitchen-module2
23 error There is likely additional logging output above.
24 verbose exit [ 1, true ]
